(2022-09-21 10:49:46) [DEBUG] [util_funcs.py] (configure_logger): Deleted log file at: 
	C:\Users\Joke\Desktop\Frugality\data\logs\api.skaupat_api.log.
(2022-09-21 10:49:47) [DEBUG] [util_funcs.py] (configure_logger): Permission denied for log file at:
	C:\Users\Joke\Desktop\Frugality\data\logs\api.skaupat_api.log
	(This might be due to Flask restarting in debug!)
(2022-09-21 10:49:52) [DEBUG] [skaupat_api.py] (parse_input): Parsing user input...
(2022-09-21 10:49:52) [ERROR] [skaupat_api.py] (parse_input): Amt could not be converted to 'int'
Traceback (most recent call last):
  File "c:\Users\Joke\Desktop\Frugality\api\skaupat_api.py", line 85, in parse_input
    amt = int(amt)
ValueError: invalid literal for int() with base 10: '1L'
(2022-09-21 10:49:52) [DEBUG] [skaupat_api.py] (parse_input): Received an empty query, skipping...
(2022-09-21 10:49:52) [DEBUG] [skaupat_api.py] (parse_input): product_queries len(): 5
(2022-09-21 10:49:52) [DEBUG] [skaupat_api.py] (get_groceries): List index: 0 [Query: 'Maito Laktoositon 1L' Category: '{p.category}']
(2022-09-21 10:49:52) [DEBUG] [skaupat_api.py].get_groceries: List index: 1 [Query: 'Oltermanni' Category: '{p.category}']
(2022-09-21 10:49:52) [DEBUG] [skaupat_api.py] (get_groceries): List index: 2 [Query: 'Banaani' Category: '{p.category}']
(2022-09-21 10:49:52) [DEBUG] [skaupat_api.py] (get_groceries): List index: 3 [Query: '!(#ï¿½=%)#=)"=%?#)"))///' Category: '{p.category}']
(2022-09-21 10:49:52) [DEBUG] [skaupat_api.py] (get_groceries): List index: 4 [Query: '1' Category: '{p.category}']
(2022-09-21 10:49:52) [DEBUG] [skaupat_api.py] (get_groceries): Tasks len(): 5
(2022-09-21 10:49:53) [DEBUG] [skaupat_api.pysend_post}: Query: !(#ï¿½=%)#=)"=%?#)"))/// Response: <Response [200]>
(2022-09-21 10:49:53) [DEBUG] [skaupat_api.py] (send_post): Query: Oltermanni Response: <Response [200]>
(2022-09-21 10:49:53) [DEBUG] [skaupat_api.py] (send_post): Query: 1 Response: <Response [200]>
(2022-09-21 10:49:53) [DEBUG] [skaupat_api.py] (send_post): Query: Banaani Response: <Response [200]>
(2022-09-21 10:49:53) [DEBUG] [skaupat_api.py] (send_post): Query: Maito Laktoositon 1L Response: <Response [200]>
(2022-09-21 10:51:50) [DEBUG] [util_funcs.py].(configure_logger): Permission denied for log file at:
	C:\Users\Joke\Desktop\Frugality\data\logs\api.skaupat_api.log
	(This might be due to Flask restarting in debug!)
(2022-09-21 10:52:00) [DEBUG] [util_funcs.py].configure_logger: Permission denied for log file at:
	C:\Users\Joke\Desktop\Frugality\data\logs\api.skaupat_api.log
	(This might be due to Flask restarting in debug!)
(2022-09-21 10:52:17) [DEBUG] [util_funcs.py.configure_logger]: Permission denied for log file at:
	C:\Users\Joke\Desktop\Frugality\data\logs\api.skaupat_api.log
	(This might be due to Flask restarting in debug!)
(2022-09-21 10:52:43) [DEBUG] [util_funcs.py] (configure_logger): Permission denied for log file at:
	C:\Users\Joke\Desktop\Frugality\data\logs\api.skaupat_api.log
	(This might be due to Flask restarting in debug!)
(2022-09-21 10:53:55) [DEBUG] [skaupat_api.py] (parse_input): Parsing user input...
(2022-09-21 10:53:55) [ERROR] [skaupat_api.py] (parse_input): Amt could not be converted to 'int'
Traceback (most recent call last):
  File "c:\Users\Joke\Desktop\Frugality\api\skaupat_api.py", line 85, in parse_input
    amt = int(amt)
ValueError: invalid literal for int() with base 10: '1L'
(2022-09-21 10:53:55) [DEBUG] [skaupat_api.py] (parse_input): Received an empty query, skipping...
(2022-09-21 10:53:55) [DEBUG] [skaupat_api.py] (parse_input): product_queries len(): 5
(2022-09-21 10:53:55) [DEBUG] [skaupat_api.py] (get_groceries): List index: 0 [Query: 'Maito Laktoositon 1L' Category: '{p.category}']
(2022-09-21 10:53:55) [DEBUG] [skaupat_api.py] (get_groceries): List index: 1 [Query: 'Oltermanni' Category: '{p.category}']
(2022-09-21 10:53:55) [DEBUG] [skaupat_api.py] (get_groceries): List index: 2 [Query: 'Banaani' Category: '{p.category}']
(2022-09-21 10:53:55) [DEBUG] [skaupat_api.py] (get_groceries): List index: 3 [Query: '!(#¤=%)#=)"=%?#)"))///' Category: '{p.category}']
(2022-09-21 10:53:55) [DEBUG] [skaupat_api.py] (get_groceries): List index: 4 [Query: '1' Category: '{p.category}']
(2022-09-21 10:53:55) [DEBUG] [skaupat_api.py] (get_groceries): Tasks len(): 5
(2022-09-21 10:53:56) [DEBUG] [skaupat_api.py] (send_post): Query: Banaani Response: <Response [200]>
(2022-09-21 10:53:56) [DEBUG] [skaupat_api.py] (send_post): Query: Oltermanni Response: <Response [200]>
(2022-09-21 10:53:56) [DEBUG] [skaupat_api.py] (send_post): Query: !(#¤=%)#=)"=%?#)"))/// Response: <Response [200]>
(2022-09-21 10:53:56) [DEBUG] [skaupat_api.py] (send_post): Query: 1 Response: <Response [200]>
(2022-09-21 10:53:56) [DEBUG] [skaupat_api.py] (send_post): Query: Maito Laktoositon 1L Response: <Response [200]>
(2022-09-21 10:54:26) [DEBUG] [util_funcs.py] {configure_logger}: Permission denied for log file at:
	C:\Users\Joke\Desktop\Frugality\data\logs\api.skaupat_api.log
	(This might be due to Flask restarting in debug!)
(2022-09-21 10:54:28) [DEBUG] [skaupat_api.py] {parse_input}: Parsing user input...
(2022-09-21 10:54:28) [ERROR] [skaupat_api.py] {parse_input}: Amt could not be converted to 'int'
Traceback (most recent call last):
  File "c:\Users\Joke\Desktop\Frugality\api\skaupat_api.py", line 85, in parse_input
    amt = int(amt)
ValueError: invalid literal for int() with base 10: '1L'
(2022-09-21 10:54:28) [DEBUG] [skaupat_api.py] {parse_input}: Received an empty query, skipping...
(2022-09-21 10:54:28) [DEBUG] [skaupat_api.py] {parse_input}: product_queries len(): 5
(2022-09-21 10:54:28) [DEBUG] [skaupat_api.py] {get_groceries}: List index: 0 [Query: 'Maito Laktoositon 1L' Category: '{p.category}']
(2022-09-21 10:54:28) [DEBUG] [skaupat_api.py] {get_groceries}: List index: 1 [Query: 'Oltermanni' Category: '{p.category}']
(2022-09-21 10:54:28) [DEBUG] [skaupat_api.py] {get_groceries}: List index: 2 [Query: 'Banaani' Category: '{p.category}']
(2022-09-21 10:54:28) [DEBUG] [skaupat_api.py] {get_groceries}: List index: 3 [Query: '!(#¤=%)#=)"=%?#)"))///' Category: '{p.category}']
(2022-09-21 10:54:28) [DEBUG] [skaupat_api.py] {get_groceries}: List index: 4 [Query: '1' Category: '{p.category}']
(2022-09-21 10:54:28) [DEBUG] [skaupat_api.py] {get_groceries}: Tasks len(): 5
(2022-09-21 10:54:28) [DEBUG] [skaupat_api.py] {send_post}: Query: !(#¤=%)#=)"=%?#)"))/// Response: <Response [200]>
(2022-09-21 10:54:28) [DEBUG] [skaupat_api.py] {send_post}: Query: 1 Response: <Response [200]>
(2022-09-21 10:54:28) [DEBUG] [skaupat_api.py] {send_post}: Query: Oltermanni Response: <Response [200]>
(2022-09-21 10:54:28) [DEBUG] [skaupat_api.py] {send_post}: Query: Banaani Response: <Response [200]>
(2022-09-21 10:54:28) [DEBUG] [skaupat_api.py] {send_post}: Query: Maito Laktoositon 1L Response: <Response [200]>
