(2022-09-19 22:19:57) [core.database_manager.manager]: Starting database...
(2022-09-19 22:19:58) [core.database_manager.manager]: Starting database...
(2022-09-19 22:20:12) [core.database_manager.manager]: Dropped database tables.
(2022-09-19 22:20:12) [core.database_manager.manager]: Created new database tables.
(2022-09-19 22:20:12) [core.database_manager.manager]: Resetting database to default.
(2022-09-19 22:20:16) [core.database_manager.manager]: Dropped database tables.
(2022-09-19 22:20:16) [core.database_manager.manager]: Created new database tables.
(2022-09-19 22:20:16) [core.database_manager.manager]: Resetting database to default.
(2022-09-19 22:20:16) [core.database_manager.manager]: Dropped database tables.
(2022-09-19 22:20:16) [core.database_manager.manager]: Created new database tables.
(2022-09-19 22:20:16) [core.database_manager.manager]: Resetting database to default.
(2022-09-19 22:20:41) [core.database_manager.manager]: Dropped database tables.
(2022-09-19 22:20:41) [core.database_manager.manager]: Created database tables.
(2022-09-19 22:20:41) [core.database_manager.manager]: Resetting database to default.
(2022-09-19 22:22:42) [core.database_manager.manager]: Resetting database to default...
(2022-09-19 22:22:42) [core.database_manager.manager]: Dropped database tables.
(2022-09-19 22:22:42) [core.database_manager.manager]: Created database tables.
(2022-09-19 22:22:43) [core.database_manager.manager]: Resetting database to default...
(2022-09-19 22:22:43) [core.database_manager.manager]: Dropped database tables.
(2022-09-19 22:22:43) [core.database_manager.manager]: Created database tables.
(2022-09-19 22:23:41) [core.database_manager.manager]: Reset flag is set to True                 Resetting database to default...
(2022-09-19 22:23:41) [core.database_manager.manager]: Dropped database tables.
(2022-09-19 22:23:41) [core.database_manager.manager]: Created database tables.
(2022-09-19 22:23:42) [core.database_manager.manager]: Reset flag is set to True                 Resetting database to default...
(2022-09-19 22:23:42) [core.database_manager.manager]: Dropped database tables.
(2022-09-19 22:23:42) [core.database_manager.manager]: Created database tables.
(2022-09-19 22:24:39) [core.database_manager.manager]: Dropped database tables.
(2022-09-19 22:24:39) [core.database_manager.manager]: Created database tables.
(2022-09-19 22:24:40) [core.database_manager.manager]: Dropped database tables.
(2022-09-19 22:24:40) [core.database_manager.manager]: Created database tables.
(2022-09-19 22:25:52) [core.database_manager.manager]: Reset flag is set to True, resetting database...
(2022-09-19 22:25:52) [core.database_manager.manager]: Dropped database tables.
(2022-09-19 22:25:52) [core.database_manager.manager]: Created database tables.
(2022-09-19 22:25:53) [core.database_manager.manager]: Reset flag is set to True, resetting database...
(2022-09-19 22:25:53) [core.database_manager.manager]: Dropped database tables.
(2022-09-19 22:25:53) [core.database_manager.manager]: Created database tables.
