(2022-09-22 16:34:33) [INFO] ['core.process']: Set database uri to: 'sqlite:///C:\Users\Joke\Desktop\Frugality\data\test_database.db'.
(2022-09-22 16:34:33) [DEBUG] ['core.process']: Set SQLALCHEMY_TRACK_MODIFICATIONS to: True.
(2022-09-22 16:34:33) [DEBUG] ['core.process']: Set Flask session lifetime to: 1 day, 0:00:00.
(2022-09-22 16:34:33) [INFO] ['core.database_manager.manager']: Starting database...
(2022-09-22 16:34:33) [INFO] ['core.process']: Starting Flask app...

(2022-09-22 16:34:40) [DEBUG] ['core.app_funcs']: Parsing request JSON...
(2022-09-22 16:34:40) [DEBUG] ['core.app_funcs']: Parsing new query: 'Maito Laktoositon 1L'
(2022-09-22 16:34:40) [DEBUG] ['core.app_funcs']: Regex result: [('1', 'L')] ('Maito Laktoositon 1L')
(2022-09-22 16:34:40) [DEBUG] ['core.app_funcs']: Regex result: ['Laktoositon'] ('Maito Laktoositon 1L')
(2022-09-22 16:34:40) [DEBUG] ['core.app_funcs']: Parsed query was empty, skipping...
(2022-09-22 16:34:40) [DEBUG] ['core.app_funcs']: Parsed query was empty, skipping...
(2022-09-22 16:34:40) [DEBUG] ['core.app_funcs']: Parsed query was empty, skipping...
(2022-09-22 16:34:40) [DEBUG] ['core.app_funcs']: Parsed query was empty, skipping...
(2022-09-22 16:34:40) [DEBUG] ['core.app_funcs']: Parsed query was empty, skipping...
(2022-09-22 16:34:40) [DEBUG] ['core.app_funcs']: Product queries len(1)
(2022-09-22 16:34:40) [INFO] ['core.app']: Current operation: Groceries
(2022-09-22 16:34:40) [INFO] ['core.app']: Query: Maito Laktoositon 1L, Category: maito-munat-ja-rasvat-0
        Cheapest:          0.75  €/LTR               Kotimaista rasvaton maito 1l
        Most expensive:    4.36  €/LTR               Valio Eila® kevytmaitojuoma 2,5 dl laktoositon
        Average price:     1.77  €/LTR
        
