(2023-10-01 11:27:04) [DEBUG] ['core.core']: Set database uri to: 'sqlite:///C:\Users\Joke\Desktop\Frugality\data\test_database.db'.
(2023-10-01 11:27:04) [DEBUG] ['core.core']: Set SQLALCHEMY_TRACK_MODIFICATIONS to: True.
(2023-10-01 11:27:04) [DEBUG] ['core.core']: Set Flask session lifetime to: 1 day, 0:00:00.
(2023-10-01 11:27:04) [DEBUG] ['core.core']: Initializing database...
(2023-10-01 11:27:05) [DEBUG] ['core.core']: Set database uri to: 'sqlite:///C:\Users\Joke\Desktop\Frugality\data\test_database.db'.
(2023-10-01 11:27:05) [DEBUG] ['core.core']: Set SQLALCHEMY_TRACK_MODIFICATIONS to: True.
(2023-10-01 11:27:05) [DEBUG] ['core.core']: Set Flask session lifetime to: 1 day, 0:00:00.
(2023-10-01 11:27:05) [DEBUG] ['core.core']: Initializing database...
(2023-10-01 11:27:09) [DEBUG] ['core.store_flow']: [Store search]: Begun a new store search!
(2023-10-01 11:27:09) [DEBUG] ['core.store_flow']: [Store search]: Querying database.
(2023-10-01 11:27:09) [DEBUG] ['core.store_flow']: Parsing store from string: 'Prisma'
(2023-10-01 11:27:09) [DEBUG] ['core.store_flow']: Data parsed from string: ('Prisma', 'None', 'prisma')
(2023-10-01 11:27:09) [DEBUG] ['core.store_flow']: Fetching <Store: 'Prisma', 'None'> from DB...
(2023-10-01 11:27:09) [DEBUG] ['core.store_flow']: Database search: ('State: <Success>')
(2023-10-01 11:27:09) [DEBUG] ['core.store_flow']: Database query for "<Store: 'Prisma', 'None'>", was successful!
(2023-10-01 11:27:10) [DEBUG] ['core.store_flow']: Attempting to add a store to the stores list...
(2023-10-01 11:27:10) [DEBUG] ['core.store_flow']: Added store ('Prisma Iso Omena', '647396324', 'prisma-iso-omena'), to store queries.
(2023-10-01 11:27:17) [DEBUG] ['core.product_flow']: Adding a product query to products list...
(2023-10-01 11:27:17) [DEBUG] ['core.product_flow']: Added new query: 'banaani' to products list.
(2023-10-01 11:27:18) [DEBUG] ['core.product_parser']: Parsing products for query: banaani.
(2023-10-01 11:27:18) [DEBUG] ['core.product_parser']: Parsed 24 products from response.
